This is pdfTeX, Version 3.141592653-2.6-1.40.23 (TeX Live 2022/dev) (preloaded format=pdflatex 2022.4.1)  6 MAY 2022 15:31
entering extended mode
 restricted \write18 enabled.
 %&-line parsing enabled.
**Beamer-Presentation-Template-for-REES.tex
(./Beamer-Presentation-Template-for-REES.tex
LaTeX2e <2021-11-15> patch level 1
L3 programming layer <2022-02-24> (/Users/hotakakobori/Library/TinyTeX/texmf-di
st/tex/latex/beamer/beamer.cls
Document Class: beamer 2022/02/08 v3.66 A class for typesetting presentations

(/Users/hotakakobori/Library/TinyTeX/texmf-dist/tex/latex/beamer/beamerbasemode
s.sty
(/Users/hotakakobori/Library/TinyTeX/texmf-dist/tex/latex/etoolbox/etoolbox.sty
Package: etoolbox 2020/10/05 v2.5k e-TeX tools for LaTeX (JAW)
\etb@tempcnta=\count185
)
\beamer@tempbox=\box50
\beamer@tempcount=\count186
\c@beamerpauses=\count187

(/Users/hotakakobori/Library/TinyTeX/texmf-dist/tex/latex/beamer/beamerbasedeco
de.sty
\beamer@slideinframe=\count188
\beamer@minimum=\count189
\beamer@decode@box=\box51
)
\beamer@commentbox=\box52
\beamer@modecount=\count190
) (/Users/hotakakobori/Library/TinyTeX/texmf-dist/tex/generic/iftex/iftex.sty
Package: iftex 2022/02/03 v1.0f TeX engine tests
)
\headdp=\dimen138
\footheight=\dimen139
\sidebarheight=\dimen140
\beamer@tempdim=\dimen141
\beamer@finalheight=\dimen142
\beamer@animht=\dimen143
\beamer@animdp=\dimen144
\beamer@animwd=\dimen145
\beamer@leftmargin=\dimen146
\beamer@rightmargin=\dimen147
\beamer@leftsidebar=\dimen148
\beamer@rightsidebar=\dimen149
\beamer@boxsize=\dimen150
\beamer@vboxoffset=\dimen151
\beamer@descdefault=\dimen152
\beamer@descriptionwidth=\dimen153
\beamer@lastskip=\skip47
\beamer@areabox=\box53
\beamer@animcurrent=\box54
\beamer@animshowbox=\box55
\beamer@sectionbox=\box56
\beamer@logobox=\box57
\beamer@linebox=\box58
\beamer@sectioncount=\count191
\beamer@subsubsectionmax=\count192
\beamer@subsectionmax=\count193
\beamer@sectionmax=\count194
\beamer@totalheads=\count195
\beamer@headcounter=\count196
\beamer@partstartpage=\count197
\beamer@sectionstartpage=\count198
\beamer@subsectionstartpage=\count199
\beamer@animationtempa=\count266
\beamer@animationtempb=\count267
\beamer@xpos=\count268
\beamer@ypos=\count269
\beamer@ypos@offset=\count270
\beamer@showpartnumber=\count271
\beamer@currentsubsection=\count272
\beamer@coveringdepth=\count273
\beamer@sectionadjust=\count274
\beamer@toclastsection=\count275
\beamer@tocsectionnumber=\count276

(/Users/hotakakobori/Library/TinyTeX/texmf-dist/tex/latex/beamer/beamerbaseopti
ons.sty (/Users/hotakakobori/Library/TinyTeX/texmf-dist/tex/latex/graphics/keyv
al.sty
Package: keyval 2014/10/28 v1.15 key=value parser (DPC)
\KV@toks@=\toks16
))
\beamer@paperwidth=\skip48
\beamer@paperheight=\skip49

(/Users/hotakakobori/Library/TinyTeX/texmf-dist/tex/latex/geometry/geometry.sty
Package: geometry 2020/01/02 v5.9 Page Geometry
(/Users/hotakakobori/Library/TinyTeX/texmf-dist/tex/generic/iftex/ifvtex.sty
Package: ifvtex 2019/10/25 v1.7 ifvtex legacy package. Use iftex instead.
)
\Gm@cnth=\count277
\Gm@cntv=\count278
\c@Gm@tempcnt=\count279
\Gm@bindingoffset=\dimen154
\Gm@wd@mp=\dimen155
\Gm@odd@mp=\dimen156
\Gm@even@mp=\dimen157
\Gm@layoutwidth=\dimen158
\Gm@layoutheight=\dimen159
\Gm@layouthoffset=\dimen160
\Gm@layoutvoffset=\dimen161
\Gm@dimlist=\toks17
) (/Users/hotakakobori/Library/TinyTeX/texmf-dist/tex/latex/pgf/math/pgfmath.st
y
(/Users/hotakakobori/Library/TinyTeX/texmf-dist/tex/latex/pgf/utilities/pgfrcs.
sty
(/Users/hotakakobori/Library/TinyTeX/texmf-dist/tex/generic/pgf/utilities/pgfut
il-common.tex
\pgfutil@everybye=\toks18
\pgfutil@tempdima=\dimen162
\pgfutil@tempdimb=\dimen163

(/Users/hotakakobori/Library/TinyTeX/texmf-dist/tex/generic/pgf/utilities/pgfut
il-common-lists.tex))
(/Users/hotakakobori/Library/TinyTeX/texmf-dist/tex/generic/pgf/utilities/pgfut
il-latex.def
\pgfutil@abb=\box59
)
(/Users/hotakakobori/Library/TinyTeX/texmf-dist/tex/generic/pgf/utilities/pgfrc
s.code.tex
(/Users/hotakakobori/Library/TinyTeX/texmf-dist/tex/generic/pgf/pgf.revision.te
x)
Package: pgfrcs 2021/05/15 v3.1.9a (3.1.9a)
))
(/Users/hotakakobori/Library/TinyTeX/texmf-dist/tex/latex/pgf/utilities/pgfkeys
.sty
(/Users/hotakakobori/Library/TinyTeX/texmf-dist/tex/generic/pgf/utilities/pgfke
ys.code.tex
\pgfkeys@pathtoks=\toks19
\pgfkeys@temptoks=\toks20

(/Users/hotakakobori/Library/TinyTeX/texmf-dist/tex/generic/pgf/utilities/pgfke
ysfiltered.code.tex
\pgfkeys@tmptoks=\toks21
)))
(/Users/hotakakobori/Library/TinyTeX/texmf-dist/tex/generic/pgf/math/pgfmath.co
de.tex
(/Users/hotakakobori/Library/TinyTeX/texmf-dist/tex/generic/pgf/math/pgfmathcal
c.code.tex
(/Users/hotakakobori/Library/TinyTeX/texmf-dist/tex/generic/pgf/math/pgfmathuti
l.code.tex
\pgf@x=\dimen164
\pgf@xa=\dimen165
\pgf@xb=\dimen166
\pgf@xc=\dimen167
\pgf@y=\dimen168
\pgf@ya=\dimen169
\pgf@yb=\dimen170
\pgf@yc=\dimen171
\c@pgf@counta=\count280
\c@pgf@countb=\count281
\c@pgf@countc=\count282
\c@pgf@countd=\count283
)
(/Users/hotakakobori/Library/TinyTeX/texmf-dist/tex/generic/pgf/math/pgfmathpar
ser.code.tex
\pgfmath@dimen=\dimen172
\pgfmath@count=\count284
\pgfmath@box=\box60
\pgfmath@toks=\toks22
\pgfmath@stack@operand=\toks23
\pgfmath@stack@operation=\toks24
)
(/Users/hotakakobori/Library/TinyTeX/texmf-dist/tex/generic/pgf/math/pgfmathfun
ctions.code.tex
(/Users/hotakakobori/Library/TinyTeX/texmf-dist/tex/generic/pgf/math/pgfmathfun
ctions.basic.code.tex)
(/Users/hotakakobori/Library/TinyTeX/texmf-dist/tex/generic/pgf/math/pgfmathfun
ctions.trigonometric.code.tex)
(/Users/hotakakobori/Library/TinyTeX/texmf-dist/tex/generic/pgf/math/pgfmathfun
ctions.random.code.tex)
(/Users/hotakakobori/Library/TinyTeX/texmf-dist/tex/generic/pgf/math/pgfmathfun
ctions.comparison.code.tex)
(/Users/hotakakobori/Library/TinyTeX/texmf-dist/tex/generic/pgf/math/pgfmathfun
ctions.base.code.tex)
(/Users/hotakakobori/Library/TinyTeX/texmf-dist/tex/generic/pgf/math/pgfmathfun
ctions.round.code.tex)
(/Users/hotakakobori/Library/TinyTeX/texmf-dist/tex/generic/pgf/math/pgfmathfun
ctions.misc.code.tex)
(/Users/hotakakobori/Library/TinyTeX/texmf-dist/tex/generic/pgf/math/pgfmathfun
ctions.integerarithmetics.code.tex)))
(/Users/hotakakobori/Library/TinyTeX/texmf-dist/tex/generic/pgf/math/pgfmathflo
at.code.tex
\c@pgfmathroundto@lastzeros=\count285
))) (/Users/hotakakobori/Library/TinyTeX/texmf-dist/tex/latex/extsizes/size9.cl
o
File: size9.clo 1999/11/11 v1.4a NON-Standard LaTeX file (size option)
)
(/Users/hotakakobori/Library/TinyTeX/texmf-dist/tex/latex/pgf/basiclayer/pgfcor
e.sty
(/Users/hotakakobori/Library/TinyTeX/texmf-dist/tex/latex/graphics/graphicx.sty
Package: graphicx 2021/09/16 v1.2d Enhanced LaTeX Graphics (DPC,SPQR)

(/Users/hotakakobori/Library/TinyTeX/texmf-dist/tex/latex/graphics/graphics.sty
Package: graphics 2021/03/04 v1.4d Standard LaTeX Graphics (DPC,SPQR)
(/Users/hotakakobori/Library/TinyTeX/texmf-dist/tex/latex/graphics/trig.sty
Package: trig 2021/08/11 v1.11 sin cos tan (DPC)
)
(/Users/hotakakobori/Library/TinyTeX/texmf-dist/tex/latex/graphics-cfg/graphics
.cfg
File: graphics.cfg 2016/06/04 v1.11 sample graphics configuration
)
Package graphics Info: Driver file: pdftex.def on input line 107.

(/Users/hotakakobori/Library/TinyTeX/texmf-dist/tex/latex/graphics-def/pdftex.d
ef
File: pdftex.def 2020/10/05 v1.2a Graphics/color driver for pdftex
))
\Gin@req@height=\dimen173
\Gin@req@width=\dimen174
)
(/Users/hotakakobori/Library/TinyTeX/texmf-dist/tex/latex/pgf/systemlayer/pgfsy
s.sty
(/Users/hotakakobori/Library/TinyTeX/texmf-dist/tex/generic/pgf/systemlayer/pgf
sys.code.tex
Package: pgfsys 2021/05/15 v3.1.9a (3.1.9a)

(/Users/hotakakobori/Library/TinyTeX/texmf-dist/tex/generic/pgf/utilities/pgfke
ys.code.tex)
\pgf@x=\dimen175
\pgf@y=\dimen176
\pgf@xa=\dimen177
\pgf@ya=\dimen178
\pgf@xb=\dimen179
\pgf@yb=\dimen180
\pgf@xc=\dimen181
\pgf@yc=\dimen182
\pgf@xd=\dimen183
\pgf@yd=\dimen184
\w@pgf@writea=\write3
\r@pgf@reada=\read2
\c@pgf@counta=\count286
\c@pgf@countb=\count287
\c@pgf@countc=\count288
\c@pgf@countd=\count289
\t@pgf@toka=\toks25
\t@pgf@tokb=\toks26
\t@pgf@tokc=\toks27
\pgf@sys@id@count=\count290

(/Users/hotakakobori/Library/TinyTeX/texmf-dist/tex/generic/pgf/systemlayer/pgf
.cfg
File: pgf.cfg 2021/05/15 v3.1.9a (3.1.9a)
)
Driver file for pgf: pgfsys-pdftex.def

(/Users/hotakakobori/Library/TinyTeX/texmf-dist/tex/generic/pgf/systemlayer/pgf
sys-pdftex.def
File: pgfsys-pdftex.def 2021/05/15 v3.1.9a (3.1.9a)

(/Users/hotakakobori/Library/TinyTeX/texmf-dist/tex/generic/pgf/systemlayer/pgf
sys-common-pdf.def
File: pgfsys-common-pdf.def 2021/05/15 v3.1.9a (3.1.9a)
)))
(/Users/hotakakobori/Library/TinyTeX/texmf-dist/tex/generic/pgf/systemlayer/pgf
syssoftpath.code.tex
File: pgfsyssoftpath.code.tex 2021/05/15 v3.1.9a (3.1.9a)
\pgfsyssoftpath@smallbuffer@items=\count291
\pgfsyssoftpath@bigbuffer@items=\count292
)
(/Users/hotakakobori/Library/TinyTeX/texmf-dist/tex/generic/pgf/systemlayer/pgf
sysprotocol.code.tex
File: pgfsysprotocol.code.tex 2021/05/15 v3.1.9a (3.1.9a)
)) (/Users/hotakakobori/Library/TinyTeX/texmf-dist/tex/latex/xcolor/xcolor.sty
Package: xcolor 2021/10/31 v2.13 LaTeX color extensions (UK)

(/Users/hotakakobori/Library/TinyTeX/texmf-dist/tex/latex/graphics-cfg/color.cf
g
File: color.cfg 2016/01/02 v1.6 sample color configuration
)
Package xcolor Info: Driver file: pdftex.def on input line 227.
Package xcolor Info: Model `cmy' substituted by `cmy0' on input line 1352.
Package xcolor Info: Model `hsb' substituted by `rgb' on input line 1356.
Package xcolor Info: Model `RGB' extended on input line 1368.
Package xcolor Info: Model `HTML' substituted by `rgb' on input line 1370.
Package xcolor Info: Model `Hsb' substituted by `hsb' on input line 1371.
Package xcolor Info: Model `tHsb' substituted by `hsb' on input line 1372.
Package xcolor Info: Model `HSB' substituted by `hsb' on input line 1373.
Package xcolor Info: Model `Gray' substituted by `gray' on input line 1374.
Package xcolor Info: Model `wave' substituted by `hsb' on input line 1375.
)
(/Users/hotakakobori/Library/TinyTeX/texmf-dist/tex/generic/pgf/basiclayer/pgfc
ore.code.tex
Package: pgfcore 2021/05/15 v3.1.9a (3.1.9a)

(/Users/hotakakobori/Library/TinyTeX/texmf-dist/tex/generic/pgf/math/pgfmath.co
de.tex)
(/Users/hotakakobori/Library/TinyTeX/texmf-dist/tex/generic/pgf/math/pgfint.cod
e.tex)
(/Users/hotakakobori/Library/TinyTeX/texmf-dist/tex/generic/pgf/basiclayer/pgfc
orepoints.code.tex
File: pgfcorepoints.code.tex 2021/05/15 v3.1.9a (3.1.9a)
\pgf@picminx=\dimen185
\pgf@picmaxx=\dimen186
\pgf@picminy=\dimen187
\pgf@picmaxy=\dimen188
\pgf@pathminx=\dimen189
\pgf@pathmaxx=\dimen190
\pgf@pathminy=\dimen191
\pgf@pathmaxy=\dimen192
\pgf@xx=\dimen193
\pgf@xy=\dimen194
\pgf@yx=\dimen195
\pgf@yy=\dimen196
\pgf@zx=\dimen197
\pgf@zy=\dimen198
)
(/Users/hotakakobori/Library/TinyTeX/texmf-dist/tex/generic/pgf/basiclayer/pgfc
orepathconstruct.code.tex
File: pgfcorepathconstruct.code.tex 2021/05/15 v3.1.9a (3.1.9a)
\pgf@path@lastx=\dimen199
\pgf@path@lasty=\dimen256
)
(/Users/hotakakobori/Library/TinyTeX/texmf-dist/tex/generic/pgf/basiclayer/pgfc
orepathusage.code.tex
File: pgfcorepathusage.code.tex 2021/05/15 v3.1.9a (3.1.9a)
\pgf@shorten@end@additional=\dimen257
\pgf@shorten@start@additional=\dimen258
)
(/Users/hotakakobori/Library/TinyTeX/texmf-dist/tex/generic/pgf/basiclayer/pgfc
orescopes.code.tex
File: pgfcorescopes.code.tex 2021/05/15 v3.1.9a (3.1.9a)
\pgfpic=\box61
\pgf@hbox=\box62
\pgf@layerbox@main=\box63
\pgf@picture@serial@count=\count293
)
(/Users/hotakakobori/Library/TinyTeX/texmf-dist/tex/generic/pgf/basiclayer/pgfc
oregraphicstate.code.tex
File: pgfcoregraphicstate.code.tex 2021/05/15 v3.1.9a (3.1.9a)
\pgflinewidth=\dimen259
)
(/Users/hotakakobori/Library/TinyTeX/texmf-dist/tex/generic/pgf/basiclayer/pgfc
oretransformations.code.tex
File: pgfcoretransformations.code.tex 2021/05/15 v3.1.9a (3.1.9a)
\pgf@pt@x=\dimen260
\pgf@pt@y=\dimen261
\pgf@pt@temp=\dimen262
)
(/Users/hotakakobori/Library/TinyTeX/texmf-dist/tex/generic/pgf/basiclayer/pgfc
orequick.code.tex
File: pgfcorequick.code.tex 2021/05/15 v3.1.9a (3.1.9a)
)
(/Users/hotakakobori/Library/TinyTeX/texmf-dist/tex/generic/pgf/basiclayer/pgfc
oreobjects.code.tex
File: pgfcoreobjects.code.tex 2021/05/15 v3.1.9a (3.1.9a)
)
(/Users/hotakakobori/Library/TinyTeX/texmf-dist/tex/generic/pgf/basiclayer/pgfc
orepathprocessing.code.tex
File: pgfcorepathprocessing.code.tex 2021/05/15 v3.1.9a (3.1.9a)
)
(/Users/hotakakobori/Library/TinyTeX/texmf-dist/tex/generic/pgf/basiclayer/pgfc
orearrows.code.tex
File: pgfcorearrows.code.tex 2021/05/15 v3.1.9a (3.1.9a)
\pgfarrowsep=\dimen263
)
(/Users/hotakakobori/Library/TinyTeX/texmf-dist/tex/generic/pgf/basiclayer/pgfc
oreshade.code.tex
File: pgfcoreshade.code.tex 2021/05/15 v3.1.9a (3.1.9a)
\pgf@max=\dimen264
\pgf@sys@shading@range@num=\count294
\pgf@shadingcount=\count295
)
(/Users/hotakakobori/Library/TinyTeX/texmf-dist/tex/generic/pgf/basiclayer/pgfc
oreimage.code.tex
File: pgfcoreimage.code.tex 2021/05/15 v3.1.9a (3.1.9a)

(/Users/hotakakobori/Library/TinyTeX/texmf-dist/tex/generic/pgf/basiclayer/pgfc
oreexternal.code.tex
File: pgfcoreexternal.code.tex 2021/05/15 v3.1.9a (3.1.9a)
\pgfexternal@startupbox=\box64
))
(/Users/hotakakobori/Library/TinyTeX/texmf-dist/tex/generic/pgf/basiclayer/pgfc
orelayers.code.tex
File: pgfcorelayers.code.tex 2021/05/15 v3.1.9a (3.1.9a)
)
(/Users/hotakakobori/Library/TinyTeX/texmf-dist/tex/generic/pgf/basiclayer/pgfc
oretransparency.code.tex
File: pgfcoretransparency.code.tex 2021/05/15 v3.1.9a (3.1.9a)
)
(/Users/hotakakobori/Library/TinyTeX/texmf-dist/tex/generic/pgf/basiclayer/pgfc
orepatterns.code.tex
File: pgfcorepatterns.code.tex 2021/05/15 v3.1.9a (3.1.9a)
)
(/Users/hotakakobori/Library/TinyTeX/texmf-dist/tex/generic/pgf/basiclayer/pgfc
orerdf.code.tex
File: pgfcorerdf.code.tex 2021/05/15 v3.1.9a (3.1.9a)
)))
(/Users/hotakakobori/Library/TinyTeX/texmf-dist/tex/latex/pgf/utilities/xxcolor
.sty
Package: xxcolor 2003/10/24 ver 0.1
\XC@nummixins=\count296
\XC@countmixins=\count297
)
(/Users/hotakakobori/Library/TinyTeX/texmf-dist/tex/latex/base/atbegshi-ltx.sty
Package: atbegshi-ltx 2021/01/10 v1.0c Emulation of the original atbegshi
package with kernel methods
)
(/Users/hotakakobori/Library/TinyTeX/texmf-dist/tex/latex/hyperref/hyperref.sty
Package: hyperref 2022-02-21 v7.00n Hypertext links for LaTeX

(/Users/hotakakobori/Library/TinyTeX/texmf-dist/tex/generic/ltxcmds/ltxcmds.sty
Package: ltxcmds 2020-05-10 v1.25 LaTeX kernel commands for general use (HO)
)
(/Users/hotakakobori/Library/TinyTeX/texmf-dist/tex/generic/pdftexcmds/pdftexcm
ds.sty
Package: pdftexcmds 2020-06-27 v0.33 Utility functions of pdfTeX for LuaTeX (HO
)

(/Users/hotakakobori/Library/TinyTeX/texmf-dist/tex/generic/infwarerr/infwarerr
.sty
Package: infwarerr 2019/12/03 v1.5 Providing info/warning/error messages (HO)
)
Package pdftexcmds Info: \pdf@primitive is available.
Package pdftexcmds Info: \pdf@ifprimitive is available.
Package pdftexcmds Info: \pdfdraftmode found.
)
(/Users/hotakakobori/Library/TinyTeX/texmf-dist/tex/generic/kvsetkeys/kvsetkeys
.sty
Package: kvsetkeys 2019/12/15 v1.18 Key value parser (HO)
)
(/Users/hotakakobori/Library/TinyTeX/texmf-dist/tex/generic/kvdefinekeys/kvdefi
nekeys.sty
Package: kvdefinekeys 2019-12-19 v1.6 Define keys (HO)
)
(/Users/hotakakobori/Library/TinyTeX/texmf-dist/tex/generic/pdfescape/pdfescape
.sty
Package: pdfescape 2019/12/09 v1.15 Implements pdfTeX's escape features (HO)
) (/Users/hotakakobori/Library/TinyTeX/texmf-dist/tex/latex/hycolor/hycolor.sty
Package: hycolor 2020-01-27 v1.10 Color options for hyperref/bookmark (HO)
)
(/Users/hotakakobori/Library/TinyTeX/texmf-dist/tex/latex/letltxmacro/letltxmac
ro.sty
Package: letltxmacro 2019/12/03 v1.6 Let assignment for LaTeX macros (HO)
) (/Users/hotakakobori/Library/TinyTeX/texmf-dist/tex/latex/auxhook/auxhook.sty
Package: auxhook 2019-12-17 v1.6 Hooks for auxiliary files (HO)
)
(/Users/hotakakobori/Library/TinyTeX/texmf-dist/tex/latex/kvoptions/kvoptions.s
ty
Package: kvoptions 2020-10-07 v3.14 Key value format for package options (HO)
)
\@linkdim=\dimen265
\Hy@linkcounter=\count298
\Hy@pagecounter=\count299
(/Users/hotakakobori/Library/TinyTeX/texmf-dist/tex/latex/hyperref/pd1enc.def
File: pd1enc.def 2022-02-21 v7.00n Hyperref: PDFDocEncoding definition (HO)
Now handling font encoding PD1 ...
... no UTF-8 mapping file for font encoding PD1
)
(/Users/hotakakobori/Library/TinyTeX/texmf-dist/tex/generic/intcalc/intcalc.sty
Package: intcalc 2019/12/15 v1.3 Expandable calculations with integers (HO)
)
(/Users/hotakakobori/Library/TinyTeX/texmf-dist/tex/generic/etexcmds/etexcmds.s
ty
Package: etexcmds 2019/12/15 v1.7 Avoid name clashes with e-TeX commands (HO)
)
\Hy@SavedSpaceFactor=\count300
(/Users/hotakakobori/Library/TinyTeX/texmf-dist/tex/latex/hyperref/puenc.def
File: puenc.def 2022-02-21 v7.00n Hyperref: PDF Unicode definition (HO)
Now handling font encoding PU ...
... no UTF-8 mapping file for font encoding PU
)
Package hyperref Info: Option `unicode' set `true' on input line 4018.
Package hyperref Info: Option `bookmarks' set `true' on input line 4018.
Package hyperref Info: Option `bookmarksopen' set `true' on input line 4018.
Package hyperref Info: Option `implicit' set `false' on input line 4018.
Package hyperref Info: Hyper figures OFF on input line 4137.
Package hyperref Info: Link nesting OFF on input line 4142.
Package hyperref Info: Hyper index ON on input line 4145.
Package hyperref Info: Plain pages OFF on input line 4152.
Package hyperref Info: Backreferencing OFF on input line 4157.
Package hyperref Info: Implicit mode OFF; no redefinition of LaTeX internals.
Package hyperref Info: Bookmarks ON on input line 4390.
\c@Hy@tempcnt=\count301
(/Users/hotakakobori/Library/TinyTeX/texmf-dist/tex/latex/url/url.sty
\Urlmuskip=\muskip16
Package: url 2013/09/16  ver 3.4  Verb mode for urls, etc.
)
LaTeX Info: Redefining \url on input line 4749.
\XeTeXLinkMargin=\dimen266
(/Users/hotakakobori/Library/TinyTeX/texmf-dist/tex/generic/bitset/bitset.sty
Package: bitset 2019/12/09 v1.3 Handle bit-vector datatype (HO)

(/Users/hotakakobori/Library/TinyTeX/texmf-dist/tex/generic/bigintcalc/bigintca
lc.sty
Package: bigintcalc 2019/12/15 v1.5 Expandable calculations on big integers (HO
)
))
\Fld@menulength=\count302
\Field@Width=\dimen267
\Fld@charsize=\dimen268
Package hyperref Info: Hyper figures OFF on input line 6027.
Package hyperref Info: Link nesting OFF on input line 6032.
Package hyperref Info: Hyper index ON on input line 6035.
Package hyperref Info: backreferencing OFF on input line 6042.
Package hyperref Info: Link coloring OFF on input line 6047.
Package hyperref Info: Link coloring with OCG OFF on input line 6052.
Package hyperref Info: PDF/A mode OFF on input line 6057.
LaTeX Info: Redefining \ref on input line 6097.
LaTeX Info: Redefining \pageref on input line 6101.
\Hy@abspage=\count303

Package hyperref Message: Stopped early.

)
Package hyperref Info: Driver (autodetected): hpdftex.
(/Users/hotakakobori/Library/TinyTeX/texmf-dist/tex/latex/hyperref/hpdftex.def
File: hpdftex.def 2022-02-21 v7.00n Hyperref driver for pdfTeX

(/Users/hotakakobori/Library/TinyTeX/texmf-dist/tex/latex/base/atveryend-ltx.st
y
Package: atveryend-ltx 2020/08/19 v1.0a Emulation of the original atveryend pac
kage
with kernel methods
)
\Fld@listcount=\count304
\c@bookmark@seq@number=\count305

(/Users/hotakakobori/Library/TinyTeX/texmf-dist/tex/latex/rerunfilecheck/rerunf
ilecheck.sty
Package: rerunfilecheck 2019/12/05 v1.9 Rerun checks for auxiliary files (HO)

(/Users/hotakakobori/Library/TinyTeX/texmf-dist/tex/generic/uniquecounter/uniqu
ecounter.sty
Package: uniquecounter 2019/12/15 v1.4 Provide unlimited unique counter (HO)
)
Package uniquecounter Info: New unique counter `rerunfilecheck' on input line 2
86.
))
(/Users/hotakakobori/Library/TinyTeX/texmf-dist/tex/latex/beamer/beamerbaserequ
ires.sty
(/Users/hotakakobori/Library/TinyTeX/texmf-dist/tex/latex/beamer/beamerbasecomp
atibility.sty)
(/Users/hotakakobori/Library/TinyTeX/texmf-dist/tex/latex/beamer/beamerbasefont
.sty (/Users/hotakakobori/Library/TinyTeX/texmf-dist/tex/latex/amsfonts/amssymb
.sty
Package: amssymb 2013/01/14 v3.01 AMS font symbols

(/Users/hotakakobori/Library/TinyTeX/texmf-dist/tex/latex/amsfonts/amsfonts.sty
Package: amsfonts 2013/01/14 v3.01 Basic AMSFonts support
\@emptytoks=\toks28
\symAMSa=\mathgroup4
\symAMSb=\mathgroup5
LaTeX Font Info:    Redeclaring math symbol \hbar on input line 98.
LaTeX Font Info:    Overwriting math alphabet `\mathfrak' in version `bold'
(Font)                  U/euf/m/n --> U/euf/b/n on input line 106.
)))
(/Users/hotakakobori/Library/TinyTeX/texmf-dist/tex/latex/beamer/beamerbasetran
slator.sty
(/Users/hotakakobori/Library/TinyTeX/texmf-dist/tex/latex/translator/translator
.sty
Package: translator 2021-05-31 v1.12d Easy translation of strings in LaTeX
))
(/Users/hotakakobori/Library/TinyTeX/texmf-dist/tex/latex/beamer/beamerbasemisc
.sty)
(/Users/hotakakobori/Library/TinyTeX/texmf-dist/tex/latex/beamer/beamerbasetwos
creens.sty)
(/Users/hotakakobori/Library/TinyTeX/texmf-dist/tex/latex/beamer/beamerbaseover
lay.sty
\beamer@argscount=\count306
\beamer@lastskipcover=\skip50
\beamer@trivlistdepth=\count307
)
(/Users/hotakakobori/Library/TinyTeX/texmf-dist/tex/latex/beamer/beamerbasetitl
e.sty)
(/Users/hotakakobori/Library/TinyTeX/texmf-dist/tex/latex/beamer/beamerbasesect
ion.sty
\c@lecture=\count308
\c@part=\count309
\c@section=\count310
\c@subsection=\count311
\c@subsubsection=\count312
)
(/Users/hotakakobori/Library/TinyTeX/texmf-dist/tex/latex/beamer/beamerbasefram
e.sty
\beamer@framebox=\box65
\beamer@frametitlebox=\box66
\beamer@zoombox=\box67
\beamer@zoomcount=\count313
\beamer@zoomframecount=\count314
\beamer@frametextheight=\dimen269
\c@subsectionslide=\count315
\beamer@frametopskip=\skip51
\beamer@framebottomskip=\skip52
\beamer@frametopskipautobreak=\skip53
\beamer@framebottomskipautobreak=\skip54
\beamer@envbody=\toks29
\framewidth=\dimen270
\c@framenumber=\count316
)
(/Users/hotakakobori/Library/TinyTeX/texmf-dist/tex/latex/beamer/beamerbaseverb
atim.sty
\beamer@verbatimfileout=\write4
)
(/Users/hotakakobori/Library/TinyTeX/texmf-dist/tex/latex/beamer/beamerbasefram
esize.sty
\beamer@splitbox=\box68
\beamer@autobreakcount=\count317
\beamer@autobreaklastheight=\dimen271
\beamer@frametitletoks=\toks30
\beamer@framesubtitletoks=\toks31
)
(/Users/hotakakobori/Library/TinyTeX/texmf-dist/tex/latex/beamer/beamerbasefram
ecomponents.sty
\beamer@footins=\box69
)
(/Users/hotakakobori/Library/TinyTeX/texmf-dist/tex/latex/beamer/beamerbasecolo
r.sty)
(/Users/hotakakobori/Library/TinyTeX/texmf-dist/tex/latex/beamer/beamerbasenote
s.sty
\beamer@frameboxcopy=\box70
)
(/Users/hotakakobori/Library/TinyTeX/texmf-dist/tex/latex/beamer/beamerbasetoc.
sty)
(/Users/hotakakobori/Library/TinyTeX/texmf-dist/tex/latex/beamer/beamerbasetemp
lates.sty
\beamer@sbttoks=\toks32

(/Users/hotakakobori/Library/TinyTeX/texmf-dist/tex/latex/beamer/beamerbaseauxt
emplates.sty
(/Users/hotakakobori/Library/TinyTeX/texmf-dist/tex/latex/beamer/beamerbaseboxe
s.sty
\bmb@box=\box71
\bmb@colorbox=\box72
\bmb@boxwidth=\dimen272
\bmb@boxheight=\dimen273
\bmb@prevheight=\dimen274
\bmb@temp=\dimen275
\bmb@dima=\dimen276
\bmb@dimb=\dimen277
\bmb@prevheight=\dimen278
)
\beamer@blockheadheight=\dimen279
))
(/Users/hotakakobori/Library/TinyTeX/texmf-dist/tex/latex/beamer/beamerbaseloca
lstructure.sty (/Users/hotakakobori/Library/TinyTeX/texmf-dist/tex/latex/tools/
enumerate.sty
Package: enumerate 2015/07/23 v3.00 enumerate extensions (DPC)
\@enLab=\toks33
)
\beamer@bibiconwidth=\skip55
\c@figure=\count318
\c@table=\count319
\abovecaptionskip=\skip56
\belowcaptionskip=\skip57
)
(/Users/hotakakobori/Library/TinyTeX/texmf-dist/tex/latex/beamer/beamerbasenavi
gation.sty
\beamer@section@min@dim=\dimen280
)
(/Users/hotakakobori/Library/TinyTeX/texmf-dist/tex/latex/beamer/beamerbasetheo
rems.sty (/Users/hotakakobori/Library/TinyTeX/texmf-dist/tex/latex/amsmath/amsm
ath.sty
Package: amsmath 2021/10/15 v2.17l AMS math features
\@mathmargin=\skip58
For additional information on amsmath, use the `?' option.
(/Users/hotakakobori/Library/TinyTeX/texmf-dist/tex/latex/amsmath/amstext.sty
Package: amstext 2021/08/26 v2.01 AMS text
(/Users/hotakakobori/Library/TinyTeX/texmf-dist/tex/latex/amsmath/amsgen.sty
File: amsgen.sty 1999/11/30 v2.0 generic functions
\@emptytoks=\toks34
\ex@=\dimen281
)) (/Users/hotakakobori/Library/TinyTeX/texmf-dist/tex/latex/amsmath/amsbsy.sty
Package: amsbsy 1999/11/29 v1.2d Bold Symbols
\pmbraise@=\dimen282
) (/Users/hotakakobori/Library/TinyTeX/texmf-dist/tex/latex/amsmath/amsopn.sty
Package: amsopn 2021/08/26 v2.02 operator names
)
\inf@bad=\count320
LaTeX Info: Redefining \frac on input line 234.
\uproot@=\count321
\leftroot@=\count322
LaTeX Info: Redefining \overline on input line 399.
\classnum@=\count323
\DOTSCASE@=\count324
LaTeX Info: Redefining \ldots on input line 496.
LaTeX Info: Redefining \dots on input line 499.
LaTeX Info: Redefining \cdots on input line 620.
\Mathstrutbox@=\box73
\strutbox@=\box74
\big@size=\dimen283
LaTeX Font Info:    Redeclaring font encoding OML on input line 743.
LaTeX Font Info:    Redeclaring font encoding OMS on input line 744.
\macc@depth=\count325
\c@MaxMatrixCols=\count326
\dotsspace@=\muskip17
\c@parentequation=\count327
\dspbrk@lvl=\count328
\tag@help=\toks35
\row@=\count329
\column@=\count330
\maxfields@=\count331
\andhelp@=\toks36
\eqnshift@=\dimen284
\alignsep@=\dimen285
\tagshift@=\dimen286
\tagwidth@=\dimen287
\totwidth@=\dimen288
\lineht@=\dimen289
\@envbody=\toks37
\multlinegap=\skip59
\multlinetaggap=\skip60
\mathdisplay@stack=\toks38
LaTeX Info: Redefining \[ on input line 2938.
LaTeX Info: Redefining \] on input line 2939.
) (/Users/hotakakobori/Library/TinyTeX/texmf-dist/tex/latex/amscls/amsthm.sty
Package: amsthm 2020/05/29 v2.20.6
\thm@style=\toks39
\thm@bodyfont=\toks40
\thm@headfont=\toks41
\thm@notefont=\toks42
\thm@headpunct=\toks43
\thm@preskip=\skip61
\thm@postskip=\skip62
\thm@headsep=\skip63
\dth@everypar=\toks44
)
\c@theorem=\count332
)
(/Users/hotakakobori/Library/TinyTeX/texmf-dist/tex/latex/beamer/beamerbasethem
es.sty))
(/Users/hotakakobori/Library/TinyTeX/texmf-dist/tex/latex/beamer/beamerthemedef
ault.sty
(/Users/hotakakobori/Library/TinyTeX/texmf-dist/tex/latex/beamer/beamerfontthem
edefault.sty)
(/Users/hotakakobori/Library/TinyTeX/texmf-dist/tex/latex/beamer/beamercolorthe
medefault.sty)
(/Users/hotakakobori/Library/TinyTeX/texmf-dist/tex/latex/beamer/beamerinnerthe
medefault.sty
\beamer@dima=\dimen290
\beamer@dimb=\dimen291
)
(/Users/hotakakobori/Library/TinyTeX/texmf-dist/tex/latex/beamer/beamerouterthe
medefault.sty)))
(/Users/hotakakobori/Library/TinyTeX/texmf-dist/tex/latex/pgf/utilities/pgfpage
s.sty
Package: pgfpages 2011/01/05 ver 0.02
(/Users/hotakakobori/Library/TinyTeX/texmf-dist/tex/latex/tools/calc.sty
Package: calc 2017/05/25 v4.3 Infix arithmetic (KKT,FJ)
\calc@Acount=\count333
\calc@Bcount=\count334
\calc@Adimen=\dimen292
\calc@Bdimen=\dimen293
\calc@Askip=\skip64
\calc@Bskip=\skip65
LaTeX Info: Redefining \setlength on input line 80.
LaTeX Info: Redefining \addtolength on input line 81.
\calc@Ccount=\count335
\calc@Cskip=\skip66
)
\pgf@logicalpages=\count336
\pgf@firstshipout=\count337
\pgf@lastshipout=\count338
\pgf@currentshipout=\count339
\pgf@cpn=\count340
\pgf@shipoutnextto=\count341
\pgfphysicalheight=\dimen294
\pgfphysicalwidth=\dimen295
\pgfpages@shipoutbox=\box75
) (/Users/hotakakobori/Library/TinyTeX/texmf-dist/tex/latex/lm/lmodern.sty
Package: lmodern 2015/05/01 v1.6.1 Latin Modern Fonts
LaTeX Font Info:    Overwriting symbol font `operators' in version `normal'
(Font)                  OT1/cmr/m/n --> OT1/lmr/m/n on input line 22.
LaTeX Font Info:    Overwriting symbol font `letters' in version `normal'
(Font)                  OML/cmm/m/it --> OML/lmm/m/it on input line 23.
LaTeX Font Info:    Overwriting symbol font `symbols' in version `normal'
(Font)                  OMS/cmsy/m/n --> OMS/lmsy/m/n on input line 24.
LaTeX Font Info:    Overwriting symbol font `largesymbols' in version `normal'
(Font)                  OMX/cmex/m/n --> OMX/lmex/m/n on input line 25.
LaTeX Font Info:    Overwriting symbol font `operators' in version `bold'
(Font)                  OT1/cmr/bx/n --> OT1/lmr/bx/n on input line 26.
LaTeX Font Info:    Overwriting symbol font `letters' in version `bold'
(Font)                  OML/cmm/b/it --> OML/lmm/b/it on input line 27.
LaTeX Font Info:    Overwriting symbol font `symbols' in version `bold'
(Font)                  OMS/cmsy/b/n --> OMS/lmsy/b/n on input line 28.
LaTeX Font Info:    Overwriting symbol font `largesymbols' in version `bold'
(Font)                  OMX/cmex/m/n --> OMX/lmex/m/n on input line 29.
LaTeX Font Info:    Overwriting math alphabet `\mathbf' in version `normal'
(Font)                  OT1/cmr/bx/n --> OT1/lmr/bx/n on input line 31.
LaTeX Font Info:    Overwriting math alphabet `\mathsf' in version `normal'
(Font)                  OT1/cmss/m/n --> OT1/lmss/m/n on input line 32.
LaTeX Font Info:    Overwriting math alphabet `\mathit' in version `normal'
(Font)                  OT1/cmr/m/it --> OT1/lmr/m/it on input line 33.
LaTeX Font Info:    Overwriting math alphabet `\mathtt' in version `normal'
(Font)                  OT1/cmtt/m/n --> OT1/lmtt/m/n on input line 34.
LaTeX Font Info:    Overwriting math alphabet `\mathbf' in version `bold'
(Font)                  OT1/cmr/bx/n --> OT1/lmr/bx/n on input line 35.
LaTeX Font Info:    Overwriting math alphabet `\mathsf' in version `bold'
(Font)                  OT1/cmss/bx/n --> OT1/lmss/bx/n on input line 36.
LaTeX Font Info:    Overwriting math alphabet `\mathit' in version `bold'
(Font)                  OT1/cmr/bx/it --> OT1/lmr/bx/it on input line 37.
LaTeX Font Info:    Overwriting math alphabet `\mathtt' in version `bold'
(Font)                  OT1/cmtt/m/n --> OT1/lmtt/m/n on input line 38.
) (/Users/hotakakobori/Library/TinyTeX/texmf-dist/tex/generic/iftex/ifxetex.sty
Package: ifxetex 2019/10/25 v0.7 ifxetex legacy package. Use iftex instead.
) (/Users/hotakakobori/Library/TinyTeX/texmf-dist/tex/generic/iftex/ifluatex.st
y
Package: ifluatex 2019/10/25 v1.5 ifluatex legacy package. Use iftex instead.
) (/Users/hotakakobori/Library/TinyTeX/texmf-dist/tex/latex/base/fontenc.sty
Package: fontenc 2021/04/29 v2.0v Standard LaTeX package
LaTeX Font Info:    Trying to load font information for T1+lmss on input line 1
12.
(/Users/hotakakobori/Library/TinyTeX/texmf-dist/tex/latex/lm/t1lmss.fd
File: t1lmss.fd 2015/05/01 v1.6.1 Font defs for Latin Modern
)) (/Users/hotakakobori/Library/TinyTeX/texmf-dist/tex/latex/base/inputenc.sty
Package: inputenc 2021/02/14 v1.3d Input encoding file
\inpenc@prehook=\toks45
\inpenc@posthook=\toks46
) (/Users/hotakakobori/Library/TinyTeX/texmf-dist/tex/latex/base/textcomp.sty
Package: textcomp 2020/02/02 v2.0n Standard LaTeX package
)
(/Users/hotakakobori/Library/TinyTeX/texmf-dist/tex/latex/beamer/beamerfontthem
eserif.sty) (/Users/hotakakobori/Library/TinyTeX/texmf-dist/tex/latex/parskip/p
arskip.sty
Package: parskip 2021-03-14 v2.0h non-zero parskip adjustments
) (./REES beamer.tex
(/Users/hotakakobori/Library/TinyTeX/texmf-dist/tex/latex/beamer/beamerthemeMad
rid.sty
(/Users/hotakakobori/Library/TinyTeX/texmf-dist/tex/latex/beamer/beamercolorthe
mewhale.sty)
(/Users/hotakakobori/Library/TinyTeX/texmf-dist/tex/latex/beamer/beamercolorthe
meorchid.sty)
(/Users/hotakakobori/Library/TinyTeX/texmf-dist/tex/latex/beamer/beamerinnerthe
merounded.sty)
(/Users/hotakakobori/Library/TinyTeX/texmf-dist/tex/latex/beamer/beamerouterthe
meinfolines.sty))
(/Users/hotakakobori/Library/TinyTeX/texmf-dist/tex/latex/beamer/beamerinnerthe
mecircles.sty)
(/Users/hotakakobori/Library/TinyTeX/texmf-dist/tex/latex/beamer/beamerouterthe
meminiframes.sty) (/Users/hotakakobori/Library/TinyTeX/texmf-dist/tex/latex/psn
fss/pifont.sty
Package: pifont 2020/03/25 PSNFSS-v9.3 Pi font support (SPQR) 
LaTeX Font Info:    Trying to load font information for U+pzd on input line 63.

(/Users/hotakakobori/Library/TinyTeX/texmf-dist/tex/latex/psnfss/upzd.fd
File: upzd.fd 2001/06/04 font definitions for U/pzd.
)
LaTeX Font Info:    Trying to load font information for U+psy on input line 64.

(/Users/hotakakobori/Library/TinyTeX/texmf-dist/tex/latex/psnfss/upsy.fd
File: upsy.fd 2001/06/04 font definitions for U/psy.
))
(/Users/hotakakobori/Library/TinyTeX/texmf-dist/tex/latex/pgf/frontendlayer/tik
z.sty
(/Users/hotakakobori/Library/TinyTeX/texmf-dist/tex/latex/pgf/basiclayer/pgf.st
y
Package: pgf 2021/05/15 v3.1.9a (3.1.9a)

(/Users/hotakakobori/Library/TinyTeX/texmf-dist/tex/generic/pgf/modules/pgfmodu
leshapes.code.tex
File: pgfmoduleshapes.code.tex 2021/05/15 v3.1.9a (3.1.9a)
\pgfnodeparttextbox=\box76
)
(/Users/hotakakobori/Library/TinyTeX/texmf-dist/tex/generic/pgf/modules/pgfmodu
leplot.code.tex
File: pgfmoduleplot.code.tex 2021/05/15 v3.1.9a (3.1.9a)
)
(/Users/hotakakobori/Library/TinyTeX/texmf-dist/tex/latex/pgf/compatibility/pgf
comp-version-0-65.sty
Package: pgfcomp-version-0-65 2021/05/15 v3.1.9a (3.1.9a)
\pgf@nodesepstart=\dimen296
\pgf@nodesepend=\dimen297
)
(/Users/hotakakobori/Library/TinyTeX/texmf-dist/tex/latex/pgf/compatibility/pgf
comp-version-1-18.sty
Package: pgfcomp-version-1-18 2021/05/15 v3.1.9a (3.1.9a)
))
(/Users/hotakakobori/Library/TinyTeX/texmf-dist/tex/latex/pgf/utilities/pgffor.
sty
(/Users/hotakakobori/Library/TinyTeX/texmf-dist/tex/generic/pgf/utilities/pgffo
r.code.tex
Package: pgffor 2021/05/15 v3.1.9a (3.1.9a)

(/Users/hotakakobori/Library/TinyTeX/texmf-dist/tex/generic/pgf/math/pgfmath.co
de.tex)
\pgffor@iter=\dimen298
\pgffor@skip=\dimen299
\pgffor@stack=\toks47
\pgffor@toks=\toks48
))
(/Users/hotakakobori/Library/TinyTeX/texmf-dist/tex/generic/pgf/frontendlayer/t
ikz/tikz.code.tex
Package: tikz 2021/05/15 v3.1.9a (3.1.9a)

(/Users/hotakakobori/Library/TinyTeX/texmf-dist/tex/generic/pgf/libraries/pgfli
braryplothandlers.code.tex
File: pgflibraryplothandlers.code.tex 2021/05/15 v3.1.9a (3.1.9a)
\pgf@plot@mark@count=\count342
\pgfplotmarksize=\dimen300
)
\tikz@lastx=\dimen301
\tikz@lasty=\dimen302
\tikz@lastxsaved=\dimen303
\tikz@lastysaved=\dimen304
\tikz@lastmovetox=\dimen305
\tikz@lastmovetoy=\dimen306
\tikzleveldistance=\dimen307
\tikzsiblingdistance=\dimen308
\tikz@figbox=\box77
\tikz@figbox@bg=\box78
\tikz@tempbox=\box79
\tikz@tempbox@bg=\box80
\tikztreelevel=\count343
\tikznumberofchildren=\count344
\tikznumberofcurrentchild=\count345
\tikz@fig@count=\count346

(/Users/hotakakobori/Library/TinyTeX/texmf-dist/tex/generic/pgf/modules/pgfmodu
lematrix.code.tex
File: pgfmodulematrix.code.tex 2021/05/15 v3.1.9a (3.1.9a)
\pgfmatrixcurrentrow=\count347
\pgfmatrixcurrentcolumn=\count348
\pgf@matrix@numberofcolumns=\count349
)
\tikz@expandcount=\count350

(/Users/hotakakobori/Library/TinyTeX/texmf-dist/tex/generic/pgf/frontendlayer/t
ikz/libraries/tikzlibrarytopaths.code.tex
File: tikzlibrarytopaths.code.tex 2021/05/15 v3.1.9a (3.1.9a)
)))
(/Users/hotakakobori/Library/TinyTeX/texmf-dist/tex/generic/pgf/frontendlayer/t
ikz/libraries/tikzlibrarysnakes.code.tex
File: tikzlibrarysnakes.code.tex 2021/05/15 v3.1.9a (3.1.9a)

Package pgf Warning: Snakes have been superseded by decorations. Please use the
 decoration libraries instead of the snakes library on input line 14.


(/Users/hotakakobori/Library/TinyTeX/texmf-dist/tex/generic/pgf/frontendlayer/t
ikz/libraries/tikzlibrarydecorations.pathmorphing.code.tex
(/Users/hotakakobori/Library/TinyTeX/texmf-dist/tex/generic/pgf/frontendlayer/t
ikz/libraries/tikzlibrarydecorations.code.tex
(/Users/hotakakobori/Library/TinyTeX/texmf-dist/tex/generic/pgf/modules/pgfmodu
ledecorations.code.tex
\pgfdecoratedcompleteddistance=\dimen309
\pgfdecoratedremainingdistance=\dimen310
\pgfdecoratedinputsegmentcompleteddistance=\dimen311
\pgfdecoratedinputsegmentremainingdistance=\dimen312
\pgf@decorate@distancetomove=\dimen313
\pgf@decorate@repeatstate=\count351
\pgfdecorationsegmentamplitude=\dimen314
\pgfdecorationsegmentlength=\dimen315
)
\tikz@lib@dec@box=\box81
)
(/Users/hotakakobori/Library/TinyTeX/texmf-dist/tex/generic/pgf/libraries/decor
ations/pgflibrarydecorations.pathmorphing.code.tex))
(/Users/hotakakobori/Library/TinyTeX/texmf-dist/tex/generic/pgf/frontendlayer/t
ikz/libraries/tikzlibrarydecorations.pathreplacing.code.tex
(/Users/hotakakobori/Library/TinyTeX/texmf-dist/tex/generic/pgf/libraries/decor
ations/pgflibrarydecorations.pathreplacing.code.tex))
(/Users/hotakakobori/Library/TinyTeX/texmf-dist/tex/generic/pgf/frontendlayer/t
ikz/libraries/tikzlibrarydecorations.shapes.code.tex
(/Users/hotakakobori/Library/TinyTeX/texmf-dist/tex/generic/pgf/libraries/decor
ations/pgflibrarydecorations.shapes.code.tex)))
(/Users/hotakakobori/Library/TinyTeX/texmf-dist/tex/latex/graphics/rotating.sty
Package: rotating 2016/08/11 v2.16d rotated objects in LaTeX
(/Users/hotakakobori/Library/TinyTeX/texmf-dist/tex/latex/base/ifthen.sty
Package: ifthen 2020/11/24 v1.1c Standard LaTeX ifthen package (DPC)
)
\c@r@tfl@t=\count352
\rotFPtop=\skip67
\rotFPbot=\skip68
\rot@float@box=\box82
\rot@mess@toks=\toks49
)
(/Users/hotakakobori/Library/TinyTeX/texmf-dist/tex/latex/chronology/chronology
.sty
Package: chronology 2015/03/27 v1.1.1 Horizontal timeline

(/Users/hotakakobori/Library/TinyTeX/texmf-dist/tex/latex/l3packages/xparse/xpa
rse.sty (/Users/hotakakobori/Library/TinyTeX/texmf-dist/tex/latex/l3kernel/expl
3.sty
Package: expl3 2022-02-24 L3 programming layer (loader) 

(/Users/hotakakobori/Library/TinyTeX/texmf-dist/tex/latex/l3backend/l3backend-p
dftex.def
File: l3backend-pdftex.def 2022-02-07 L3 backend support: PDF output (pdfTeX)
\l__color_backend_stack_int=\count353
\l__pdf_internal_box=\box83
))
Package: xparse 2022-01-12 L3 Experimental document command parser
)
\c@step=\count354
\c@stepstart=\count355
\c@stepstop=\count356
\c@yearstart=\count357
\c@yearstop=\count358
\c@deltayears=\count359
\xstart=\skip69
\xstop=\skip70
\unit=\skip71
\timelinewidth=\skip72
\timelinebox=\box84
)
Package hyperref Info: Option `colorlinks' set `true' on input line 45.
)
LaTeX Font Info:    Trying to load font information for T1+lmr on input line 10
1.
(/Users/hotakakobori/Library/TinyTeX/texmf-dist/tex/latex/lm/t1lmr.fd
File: t1lmr.fd 2015/05/01 v1.6.1 Font defs for Latin Modern
) (./Beamer-Presentation-Template-for-REES.aux)
\openout1 = `Beamer-Presentation-Template-for-REES.aux'.

LaTeX Font Info:    Checking defaults for OML/cmm/m/it on input line 101.
LaTeX Font Info:    ... okay on input line 101.
LaTeX Font Info:    Checking defaults for OMS/cmsy/m/n on input line 101.
LaTeX Font Info:    ... okay on input line 101.
LaTeX Font Info:    Checking defaults for OT1/cmr/m/n on input line 101.
LaTeX Font Info:    ... okay on input line 101.
LaTeX Font Info:    Checking defaults for T1/cmr/m/n on input line 101.
LaTeX Font Info:    ... okay on input line 101.
LaTeX Font Info:    Checking defaults for TS1/cmr/m/n on input line 101.
LaTeX Font Info:    ... okay on input line 101.
LaTeX Font Info:    Checking defaults for OMX/cmex/m/n on input line 101.
LaTeX Font Info:    ... okay on input line 101.
LaTeX Font Info:    Checking defaults for U/cmr/m/n on input line 101.
LaTeX Font Info:    ... okay on input line 101.
LaTeX Font Info:    Checking defaults for PD1/pdf/m/n on input line 101.
LaTeX Font Info:    ... okay on input line 101.
LaTeX Font Info:    Checking defaults for PU/pdf/m/n on input line 101.
LaTeX Font Info:    ... okay on input line 101.
*geometry* driver: auto-detecting
*geometry* detected driver: pdftex
*geometry* verbose mode - [ preamble ] result:
* driver: pdftex
* paper: custom
* layout: <same size as paper>
* layoutoffset:(h,v)=(0.0pt,0.0pt)
* modes: includehead includefoot 
* h-part:(L,W,R)=(9.24991pt, 345.69554pt, 9.24991pt)
* v-part:(T,H,B)=(0.0pt, 273.14662pt, 0.0pt)
* \paperwidth=364.19536pt
* \paperheight=273.14662pt
* \textwidth=345.69554pt
* \textheight=244.6939pt
* \oddsidemargin=-63.02008pt
* \evensidemargin=-63.02008pt
* \topmargin=-72.26999pt
* \headheight=14.22636pt
* \headsep=0.0pt
* \topskip=9.0pt
* \footskip=14.22636pt
* \marginparwidth=4.0pt
* \marginparsep=10.0pt
* \columnsep=10.0pt
* \skip\footins=8.0pt plus 4.0pt minus 2.0pt
* \hoffset=0.0pt
* \voffset=0.0pt
* \mag=1000
* \@twocolumnfalse
* \@twosidefalse
* \@mparswitchfalse
* \@reversemarginfalse
* (1in=72.27pt=25.4mm, 1cm=28.453pt)


(/Users/hotakakobori/Library/TinyTeX/texmf-dist/tex/latex/epstopdf-pkg/epstopdf
-base.sty
Package: epstopdf-base 2020-01-24 v2.11 Base part for package epstopdf
Package epstopdf-base Info: Redefining graphics rule for `.eps' on input line 4
85.

(/Users/hotakakobori/Library/TinyTeX/texmf-dist/tex/latex/latexconfig/epstopdf-
sys.cfg
File: epstopdf-sys.cfg 2010/07/13 v1.3 Configuration of (r)epstopdf for TeX Liv
e
))
Package hyperref Info: Link coloring ON on input line 101.
(/Users/hotakakobori/Library/TinyTeX/texmf-dist/tex/latex/hyperref/nameref.sty
Package: nameref 2021-04-02 v2.47 Cross-referencing by name of section

(/Users/hotakakobori/Library/TinyTeX/texmf-dist/tex/latex/refcount/refcount.sty
Package: refcount 2019/12/15 v3.6 Data extraction from label references (HO)
)
(/Users/hotakakobori/Library/TinyTeX/texmf-dist/tex/generic/gettitlestring/gett
itlestring.sty
Package: gettitlestring 2019/12/15 v1.6 Cleanup title references (HO)
)
\c@section@level=\count360
)
LaTeX Info: Redefining \ref on input line 101.
LaTeX Info: Redefining \pageref on input line 101.
LaTeX Info: Redefining \nameref on input line 101.
(./Beamer-Presentation-Template-for-REES.out) (./Beamer-Presentation-Template-f
or-REES.out)
\@outlinefile=\write5
\openout5 = `Beamer-Presentation-Template-for-REES.out'.


(/Users/hotakakobori/Library/TinyTeX/texmf-dist/tex/latex/translator/translator
-basic-dictionary-English.dict
Dictionary: translator-basic-dictionary, Language: English 
)
(/Users/hotakakobori/Library/TinyTeX/texmf-dist/tex/latex/translator/translator
-bibliography-dictionary-English.dict
Dictionary: translator-bibliography-dictionary, Language: English 
)
(/Users/hotakakobori/Library/TinyTeX/texmf-dist/tex/latex/translator/translator
-environment-dictionary-English.dict
Dictionary: translator-environment-dictionary, Language: English 
)
(/Users/hotakakobori/Library/TinyTeX/texmf-dist/tex/latex/translator/translator
-months-dictionary-English.dict
Dictionary: translator-months-dictionary, Language: English 
)
(/Users/hotakakobori/Library/TinyTeX/texmf-dist/tex/latex/translator/translator
-numbers-dictionary-English.dict
Dictionary: translator-numbers-dictionary, Language: English 
)
(/Users/hotakakobori/Library/TinyTeX/texmf-dist/tex/latex/translator/translator
-theorem-dictionary-English.dict
Dictionary: translator-theorem-dictionary, Language: English 
) (./Beamer-Presentation-Template-for-REES.nav)
<logo.jpg, id=69, 1204.5pt x 329.23pt>
File: logo.jpg Graphic file (type jpg)
<use logo.jpg>
Package pdftex.def Info: logo.jpg  used on input line 102.
(pdftex.def)             Requested size: 113.81102pt x 31.10637pt.
[1{/Users/hotakakobori/Library/TinyTeX/texmf-var/fonts/map/pdftex/updmap/pdftex
.map}

 <./logo.jpg>]
LaTeX Font Info:    Trying to load font information for OT1+lmr on input line 1
44.
(/Users/hotakakobori/Library/TinyTeX/texmf-dist/tex/latex/lm/ot1lmr.fd
File: ot1lmr.fd 2015/05/01 v1.6.1 Font defs for Latin Modern
)
LaTeX Font Info:    Trying to load font information for OML+lmm on input line 1
44.
(/Users/hotakakobori/Library/TinyTeX/texmf-dist/tex/latex/lm/omllmm.fd
File: omllmm.fd 2015/05/01 v1.6.1 Font defs for Latin Modern
)
LaTeX Font Info:    Trying to load font information for OMS+lmsy on input line 
144.
(/Users/hotakakobori/Library/TinyTeX/texmf-dist/tex/latex/lm/omslmsy.fd
File: omslmsy.fd 2015/05/01 v1.6.1 Font defs for Latin Modern
)
LaTeX Font Info:    Trying to load font information for OMX+lmex on input line 
144.
(/Users/hotakakobori/Library/TinyTeX/texmf-dist/tex/latex/lm/omxlmex.fd
File: omxlmex.fd 2015/05/01 v1.6.1 Font defs for Latin Modern
)
LaTeX Font Info:    External font `lmex10' loaded for size
(Font)              <9> on input line 144.
LaTeX Font Info:    External font `lmex10' loaded for size
(Font)              <6> on input line 144.
LaTeX Font Info:    External font `lmex10' loaded for size
(Font)              <5> on input line 144.
LaTeX Font Info:    Trying to load font information for U+msa on input line 144
.
(/Users/hotakakobori/Library/TinyTeX/texmf-dist/tex/latex/amsfonts/umsa.fd
File: umsa.fd 2013/01/14 v3.01 AMS symbols A
)
LaTeX Font Info:    Trying to load font information for U+msb on input line 144
.
(/Users/hotakakobori/Library/TinyTeX/texmf-dist/tex/latex/amsfonts/umsb.fd
File: umsb.fd 2013/01/14 v3.01 AMS symbols B
)
LaTeX Font Info:    External font `lmex10' loaded for size
(Font)              <8> on input line 144.
[2

] [3

] [4

] [5

] [6

] [7

] [8

] [9

] [10

]

LaTeX Font Warning: Command \tiny invalid in math mode on input line 229.


LaTeX Font Warning: Command \tiny invalid in math mode on input line 229.

[11

] [12

]
<rees-feature-850.jpg, id=705, 853.1875pt x 254.9525pt>
File: rees-feature-850.jpg Graphic file (type jpg)
<use rees-feature-850.jpg>
Package pdftex.def Info: rees-feature-850.jpg  used on input line 257.
(pdftex.def)             Requested size: 259.27795pt x 179.4264pt.
[13

 <./rees-feature-850.jpg>] [14

]
<LO7Pg0M-_400x400.jpg, id=819, 401.5pt x 401.5pt>
File: LO7Pg0M-_400x400.jpg Graphic file (type jpg)
<use LO7Pg0M-_400x400.jpg>
Package pdftex.def Info: LO7Pg0M-_400x400.jpg  used on input line 287.
(pdftex.def)             Requested size: 129.6405pt x 119.6116pt.
[15

 <./LO7Pg0M-_400x400.jpg>] [16

] [17

] [18

] [19

] [20

] [21

]
\tf@nav=\write6
\openout6 = `Beamer-Presentation-Template-for-REES.nav'.

\tf@toc=\write7
\openout7 = `Beamer-Presentation-Template-for-REES.toc'.

\tf@snm=\write8
\openout8 = `Beamer-Presentation-Template-for-REES.snm'.

(./Beamer-Presentation-Template-for-REES.aux)
Package rerunfilecheck Info: File `Beamer-Presentation-Template-for-REES.out' h
as not changed.
(rerunfilecheck)             Checksum: E95D59D06A6DB060F072E22DCBB950B4;652.
 ) 
Here is how much of TeX's memory you used:
 26523 strings out of 480236
 556369 string characters out of 5894460
 792230 words of memory out of 5000000
 43802 multiletter control sequences out of 15000+600000
 525024 words of font info for 65 fonts, out of 8000000 for 9000
 14 hyphenation exceptions out of 8191
 99i,19n,104p,543b,800s stack positions out of 5000i,500n,10000p,200000b,80000s
pdfTeX warning (dest): name{6} has been referenced but does not exist, replac
ed by a fixed one

pdfTeX warning (dest): name{5} has been referenced but does not exist, replaced
 by a fixed one

pdfTeX warning (dest): name{4} has been referenced but does not exist, replaced
 by a fixed one

pdfTeX warning (dest): name{3} has been referenced but does not exist, replaced
 by a fixed one

pdfTeX warning (dest): name{2} has been referenced but does not exist, replaced
 by a fixed one

pdfTeX warning (dest): name{1} has been referenced but does not exist, replaced
 by a fixed one

{/Users/hotakakobori/Library/TinyTeX/texmf-dist/fonts/enc/dvips/lm/lm-rm.enc}{/
Users/hotakakobori/Library/TinyTeX/texmf-dist/fonts/enc/dvips/lm/lm-mathsy.enc}
{/Users/hotakakobori/Library/TinyTeX/texmf-dist/fonts/enc/dvips/lm/lm-mathex.en
c}{/Users/hotakakobori/Library/TinyTeX/texmf-dist/fonts/enc/dvips/lm/lm-mathit.
enc}{/Users/hotakakobori/Library/TinyTeX/texmf-dist/fonts/enc/dvips/lm/lm-ec.en
c}</Users/hotakakobori/Library/TinyTeX/texmf-dist/fonts/type1/public/lm/lmbx6.p
fb></Users/hotakakobori/Library/TinyTeX/texmf-dist/fonts/type1/public/lm/lmbx9.
pfb></Users/hotakakobori/Library/TinyTeX/texmf-dist/fonts/type1/public/lm/lmex1
0.pfb></Users/hotakakobori/Library/TinyTeX/texmf-dist/fonts/type1/public/lm/lmm
i9.pfb></Users/hotakakobori/Library/TinyTeX/texmf-dist/fonts/type1/public/lm/lm
r10.pfb></Users/hotakakobori/Library/TinyTeX/texmf-dist/fonts/type1/public/lm/l
mr5.pfb></Users/hotakakobori/Library/TinyTeX/texmf-dist/fonts/type1/public/lm/l
mr6.pfb></Users/hotakakobori/Library/TinyTeX/texmf-dist/fonts/type1/public/lm/l
mr8.pfb></Users/hotakakobori/Library/TinyTeX/texmf-dist/fonts/type1/public/lm/l
mr9.pfb></Users/hotakakobori/Library/TinyTeX/texmf-dist/fonts/type1/public/lm/l
mri7.pfb></Users/hotakakobori/Library/TinyTeX/texmf-dist/fonts/type1/public/lm/
lmri9.pfb></Users/hotakakobori/Library/TinyTeX/texmf-dist/fonts/type1/public/lm
/lmsy6.pfb></Users/hotakakobori/Library/TinyTeX/texmf-dist/fonts/type1/public/l
m/lmsy8.pfb></Users/hotakakobori/Library/TinyTeX/texmf-dist/fonts/type1/public/
lm/lmsy9.pfb></Users/hotakakobori/Library/TinyTeX/texmf-dist/fonts/type1/public
/amsfonts/symbols/msbm10.pfb>
Output written on Beamer-Presentation-Template-for-REES.pdf (21 pages, 492134 b
ytes).
PDF statistics:
 1255 PDF objects out of 1440 (max. 8388607)
 1117 compressed objects within 12 object streams
 63 named destinations out of 1000 (max. 500000)
 344 words of extra memory for PDF output out of 10000 (max. 10000000)

